<?xml version="1.0" encoding="UTF-8"?>
<!-- Generated by org.testng.reporters.JUnitReportReporter -->
<testsuite skipped="0" hostname="Siddhis-MBP.attlocal.net" name="E2Etesting.expedia.AppTest" tests="1" failures="0" timestamp="19 May 2020 18:17:17 GMT" time="0.005" errors="0">
  <testcase name="shouldAnswerWithTrue" time="0.005" classname="E2Etesting.expedia.AppTest"/>
</testsuite> <!-- E2Etesting.expedia.AppTest -->
