<?xml version="1.0" encoding="UTF-8"?>
<!-- Generated by org.testng.reporters.JUnitReportReporter -->
<testsuite skipped="0" hostname="Siddhis-MBP.attlocal.net" name="E2Etesting.expedia.LoginPage" tests="1" failures="0" timestamp="19 May 2020 00:08:51 GMT" time="5.809" errors="0">
  <testcase name="testLogin" time="5.809" classname="E2Etesting.expedia.LoginPage"/>
</testsuite> <!-- E2Etesting.expedia.LoginPage -->
