<?xml version="1.0" encoding="UTF-8"?>
<!-- Generated by org.testng.reporters.JUnitReportReporter -->
<testsuite skipped="0" hostname="Siddhis-MBP.attlocal.net" name="E2Etesting.expedia.CreateAccPage" tests="1" failures="0" timestamp="19 May 2020 00:08:51 GMT" time="1.076" errors="0">
  <testcase name="createAccPageNav" time="1.076" classname="E2Etesting.expedia.CreateAccPage"/>
</testsuite> <!-- E2Etesting.expedia.CreateAccPage -->
